example/android/app/build/intermediates/manifest_merge_blame_file/debug/manifest-merger-blame-debug-report.txt
1<?xml version="1.0" encoding="utf-8"?>
2<manifest xmlns:android="http://schemas.android.com/apk/res/android"
3    package="com.mytiki.sdk.capture.receipt.capacitor"
4    android:versionCode="8"
5    android:versionName="1.0" >
6
7    <uses-sdk
8        android:minSdkVersion="22"
8-->src/main/AndroidManifest.xml
9        android:targetSdkVersion="34" />
9-->src/main/AndroidManifest.xml
10
11    <uses-feature
11-->src/main/AndroidManifest.xml:4:5-6:35
12        android:name="android.hardware.camera"
12-->src/main/AndroidManifest.xml:5:9-47
13        android:required="true" />
13-->src/main/AndroidManifest.xml:6:9-32
14
15    <!-- Permissions -->
16
17    <uses-permission android:name="android.permission.INTERNET" />
17-->src/main/AndroidManifest.xml:43:5-67
17-->src/main/AndroidManifest.xml:43:22-64
18    <uses-permission android:name="android.permission.CAMERA" />
18-->src/main/AndroidManifest.xml:44:5-65
18-->src/main/AndroidManifest.xml:44:22-62
19    <uses-permission android:name="android.permission.SCHEDULE_EXACT_ALARM" />
19-->[:mytiki-capture-receipt-capacitor] AndroidManifest.xml:8:5-79
19-->[:mytiki-capture-receipt-capacitor] AndroidManifest.xml:8:22-76
20
21    <uses-feature
21-->[com.microblink.blinkreceipt:blinkreceipt-recognizer:1.6.8] AndroidManifest.xml:13:5-15:36
22        android:name="android.hardware.camera.front"
22-->[com.microblink.blinkreceipt:blinkreceipt-recognizer:1.6.8] AndroidManifest.xml:14:9-53
23        android:required="false" />
23-->[com.microblink.blinkreceipt:blinkreceipt-recognizer:1.6.8] AndroidManifest.xml:15:9-33
24    <uses-feature
24-->[com.microblink.blinkreceipt:blinkreceipt-recognizer:1.6.8] AndroidManifest.xml:16:5-18:36
25        android:name="android.hardware.camera.autofocus"
25-->[com.microblink.blinkreceipt:blinkreceipt-recognizer:1.6.8] AndroidManifest.xml:17:9-57
26        android:required="false" />
26-->[com.microblink.blinkreceipt:blinkreceipt-recognizer:1.6.8] AndroidManifest.xml:18:9-33
27    <uses-feature
27-->[com.microblink.blinkreceipt:blinkreceipt-recognizer:1.6.8] AndroidManifest.xml:19:5-21:36
28        android:name="android.hardware.camera.flash"
28-->[com.microblink.blinkreceipt:blinkreceipt-recognizer:1.6.8] AndroidManifest.xml:20:9-53
29        android:required="false" />
29-->[com.microblink.blinkreceipt:blinkreceipt-recognizer:1.6.8] AndroidManifest.xml:21:9-33
30    <uses-feature
30-->[com.microblink.blinkreceipt:blinkreceipt-recognizer:1.6.8] AndroidManifest.xml:22:5-24:36
31        android:name="android.hardware.screen.landscape"
31-->[com.microblink.blinkreceipt:blinkreceipt-recognizer:1.6.8] AndroidManifest.xml:23:9-57
32        android:required="false" />
32-->[com.microblink.blinkreceipt:blinkreceipt-recognizer:1.6.8] AndroidManifest.xml:24:9-33
33    <uses-feature
33-->[com.microblink.blinkreceipt:blinkreceipt-recognizer:1.6.8] AndroidManifest.xml:25:5-27:36
34        android:name="android.hardware.wifi"
34-->[com.microblink.blinkreceipt:blinkreceipt-recognizer:1.6.8] AndroidManifest.xml:26:9-45
35        android:required="false" />
35-->[com.microblink.blinkreceipt:blinkreceipt-recognizer:1.6.8] AndroidManifest.xml:27:9-33
36
37    <uses-permission android:name="android.permission.ACCESS_NETWORK_STATE" />
37-->[com.microsoft.identity.client:msal:4.2.0] AndroidManifest.xml:11:5-79
37-->[com.microsoft.identity.client:msal:4.2.0] AndroidManifest.xml:11:22-76
38    <!--
39     Required for API Level 30 to make sure we can detect browsers and other apps we want to
40     be able to talk to.
41    -->
42    <!-- https://developer.android.com/training/basics/intents/package-visibility-use-cases -->
43    <queries>
43-->[com.microsoft.identity:common:10.0.0] AndroidManifest.xml:20:5-40:15
44        <package android:name="com.azure.authenticator" />
44-->[com.microsoft.identity:common:10.0.0] AndroidManifest.xml:21:9-59
44-->[com.microsoft.identity:common:10.0.0] AndroidManifest.xml:21:18-56
45        <package android:name="com.microsoft.identity.testuserapp" />
45-->[com.microsoft.identity:common:10.0.0] AndroidManifest.xml:22:9-70
45-->[com.microsoft.identity:common:10.0.0] AndroidManifest.xml:22:18-67
46        <package android:name="com.microsoft.windowsintune.companyportal" />
46-->[com.microsoft.identity:common:10.0.0] AndroidManifest.xml:23:9-77
46-->[com.microsoft.identity:common:10.0.0] AndroidManifest.xml:23:18-74
47        <!--
48        Required for API Level 30 to make sure we can detect browsers
49        (that don't support custom tabs)
50        -->
51        <intent>
51-->[com.microsoft.identity:common:10.0.0] AndroidManifest.xml:28:9-34:18
52            <action android:name="android.intent.action.VIEW" />
52-->[com.microsoft.identity:common:10.0.0] AndroidManifest.xml:29:13-65
52-->[com.microsoft.identity:common:10.0.0] AndroidManifest.xml:29:21-62
53
54            <category android:name="android.intent.category.BROWSABLE" />
54-->[com.microsoft.identity:common:10.0.0] AndroidManifest.xml:31:13-74
54-->[com.microsoft.identity:common:10.0.0] AndroidManifest.xml:31:23-71
55
56            <data android:scheme="https" />
56-->[com.microsoft.identity:common:10.0.0] AndroidManifest.xml:33:13-44
56-->[com.microsoft.identity:common:10.0.0] AndroidManifest.xml:33:19-41
57        </intent>
58        <!-- Required for API Level 30 to make sure we can detect browsers that support custom tabs -->
59        <!-- https://developers.google.com/web/updates/2020/07/custom-tabs-android-11#detecting_browsers_that_support_custom_tabs -->
60        <intent>
60-->[com.microsoft.identity:common:10.0.0] AndroidManifest.xml:37:9-39:18
61            <action android:name="android.support.customtabs.action.CustomTabsService" />
61-->[com.microsoft.identity:common:10.0.0] AndroidManifest.xml:38:13-90
61-->[com.microsoft.identity:common:10.0.0] AndroidManifest.xml:38:21-87
62        </intent>
63    </queries>
64
65    <uses-permission android:name="android.permission.WAKE_LOCK" />
65-->[androidx.work:work-runtime:2.8.1] AndroidManifest.xml:23:5-68
65-->[androidx.work:work-runtime:2.8.1] AndroidManifest.xml:23:22-65
66    <uses-permission android:name="android.permission.RECEIVE_BOOT_COMPLETED" />
66-->[androidx.work:work-runtime:2.8.1] AndroidManifest.xml:25:5-81
66-->[androidx.work:work-runtime:2.8.1] AndroidManifest.xml:25:22-78
67    <uses-permission android:name="android.permission.FOREGROUND_SERVICE" />
67-->[androidx.work:work-runtime:2.8.1] AndroidManifest.xml:26:5-77
67-->[androidx.work:work-runtime:2.8.1] AndroidManifest.xml:26:22-74
68    <uses-permission android:name="android.permission.REORDER_TASKS" />
68-->[androidx.test:core:1.5.0] AndroidManifest.xml:24:5-72
68-->[androidx.test:core:1.5.0] AndroidManifest.xml:24:22-69
69
70    <permission
70-->[androidx.core:core:1.10.1] AndroidManifest.xml:22:5-24:47
71        android:name="com.mytiki.sdk.capture.receipt.capacitor.DYNAMIC_RECEIVER_NOT_EXPORTED_PERMISSION"
71-->[androidx.core:core:1.10.1] AndroidManifest.xml:23:9-81
72        android:protectionLevel="signature" />
72-->[androidx.core:core:1.10.1] AndroidManifest.xml:24:9-44
73
74    <uses-permission android:name="com.mytiki.sdk.capture.receipt.capacitor.DYNAMIC_RECEIVER_NOT_EXPORTED_PERMISSION" />
74-->[androidx.core:core:1.10.1] AndroidManifest.xml:26:5-97
74-->[androidx.core:core:1.10.1] AndroidManifest.xml:26:22-94
75    <uses-permission android:name="android.permission.NFC" />
75-->[com.yubico.yubikit:android:2.1.0] AndroidManifest.xml:9:5-62
75-->[com.yubico.yubikit:android:2.1.0] AndroidManifest.xml:9:22-59
76
77    <uses-feature
77-->[com.yubico.yubikit:android:2.1.0] AndroidManifest.xml:11:5-13:36
78        android:name="android.hardware.usb.host"
78-->[com.yubico.yubikit:android:2.1.0] AndroidManifest.xml:12:9-49
79        android:required="false" />
79-->[com.yubico.yubikit:android:2.1.0] AndroidManifest.xml:13:9-33
80    <uses-feature
80-->[com.yubico.yubikit:android:2.1.0] AndroidManifest.xml:14:5-16:36
81        android:name="android.hardware.nfc"
81-->[com.yubico.yubikit:android:2.1.0] AndroidManifest.xml:15:9-44
82        android:required="false" />
82-->[com.yubico.yubikit:android:2.1.0] AndroidManifest.xml:16:9-33
83
84    <application
84-->src/main/AndroidManifest.xml:7:5-39:19
85        android:allowBackup="true"
85-->src/main/AndroidManifest.xml:8:9-35
86        android:appComponentFactory="androidx.core.app.CoreComponentFactory"
86-->[androidx.core:core:1.10.1] AndroidManifest.xml:28:18-86
87        android:debuggable="true"
88        android:icon="@mipmap/ic_launcher"
88-->src/main/AndroidManifest.xml:9:9-43
89        android:label="@string/app_name"
89-->src/main/AndroidManifest.xml:10:9-41
90        android:roundIcon="@mipmap/ic_launcher_round"
90-->src/main/AndroidManifest.xml:11:9-54
91        android:supportsRtl="true"
91-->src/main/AndroidManifest.xml:12:9-35
92        android:theme="@style/AppTheme" >
92-->src/main/AndroidManifest.xml:13:9-40
93        <activity
93-->src/main/AndroidManifest.xml:15:9-28:20
94            android:name="com.mytiki.receipt.capacitor.MainActivity"
94-->src/main/AndroidManifest.xml:17:13-41
95            android:configChanges="orientation|keyboardHidden|keyboard|screenSize|locale|smallestScreenSize|screenLayout|uiMode"
95-->src/main/AndroidManifest.xml:16:13-129
96            android:exported="true"
96-->src/main/AndroidManifest.xml:21:13-36
97            android:label="@string/title_activity_main"
97-->src/main/AndroidManifest.xml:18:13-56
98            android:launchMode="singleTask"
98-->src/main/AndroidManifest.xml:20:13-44
99            android:theme="@style/AppTheme.NoActionBarLaunch" >
99-->src/main/AndroidManifest.xml:19:13-62
100            <intent-filter>
100-->src/main/AndroidManifest.xml:23:13-26:29
101                <action android:name="android.intent.action.MAIN" />
101-->src/main/AndroidManifest.xml:24:17-69
101-->src/main/AndroidManifest.xml:24:25-66
102
103                <category android:name="android.intent.category.LAUNCHER" />
103-->src/main/AndroidManifest.xml:25:17-77
103-->src/main/AndroidManifest.xml:25:27-74
104            </intent-filter>
105        </activity>
106
107        <provider
108            android:name="androidx.core.content.FileProvider"
108-->src/main/AndroidManifest.xml:31:13-62
109            android:authorities="com.mytiki.sdk.capture.receipt.capacitor.fileprovider"
109-->src/main/AndroidManifest.xml:32:13-64
110            android:exported="false"
110-->src/main/AndroidManifest.xml:33:13-37
111            android:grantUriPermissions="true" >
111-->src/main/AndroidManifest.xml:34:13-47
112            <meta-data
112-->src/main/AndroidManifest.xml:35:13-37:64
113                android:name="android.support.FILE_PROVIDER_PATHS"
113-->src/main/AndroidManifest.xml:36:17-67
114                android:resource="@xml/file_paths" />
114-->src/main/AndroidManifest.xml:37:17-51
115        </provider>
116
117        <activity
117-->[com.mytiki:tiki-sdk-android:2.2.1] AndroidManifest.xml:13:9-15:40
118            android:name="com.mytiki.tiki_sdk_android.ui.activities.SettingsActivity"
118-->[com.mytiki:tiki-sdk-android:2.2.1] AndroidManifest.xml:14:13-86
119            android:exported="false" />
119-->[com.mytiki:tiki-sdk-android:2.2.1] AndroidManifest.xml:15:13-37
120        <activity
120-->[com.mytiki:tiki-sdk-android:2.2.1] AndroidManifest.xml:16:9-18:40
121            android:name="com.mytiki.tiki_sdk_android.ui.activities.LearnMoreActivity"
121-->[com.mytiki:tiki-sdk-android:2.2.1] AndroidManifest.xml:17:13-87
122            android:exported="false" />
122-->[com.mytiki:tiki-sdk-android:2.2.1] AndroidManifest.xml:18:13-37
123        <activity
123-->[com.mytiki:tiki-sdk-android:2.2.1] AndroidManifest.xml:19:9-21:40
124            android:name="com.mytiki.tiki_sdk_android.ui.activities.TermsActivity"
124-->[com.mytiki:tiki-sdk-android:2.2.1] AndroidManifest.xml:20:13-83
125            android:exported="false" />
125-->[com.mytiki:tiki-sdk-android:2.2.1] AndroidManifest.xml:21:13-37
126        <activity
126-->[com.mytiki:tiki-sdk-android:2.2.1] AndroidManifest.xml:22:9-25:56
127            android:name="com.mytiki.tiki_sdk_android.ui.activities.OfferFlowActivity"
127-->[com.mytiki:tiki-sdk-android:2.2.1] AndroidManifest.xml:23:13-87
128            android:exported="true"
128-->[com.mytiki:tiki-sdk-android:2.2.1] AndroidManifest.xml:24:13-36
129            android:theme="@style/Theme.Transparent" />
129-->[com.mytiki:tiki-sdk-android:2.2.1] AndroidManifest.xml:25:13-53
130
131        <meta-data
131-->[com.mytiki:tiki-sdk-android:2.2.1] AndroidManifest.xml:27:9-29:38
132            android:name="flutterProjectType"
132-->[com.mytiki:tiki-sdk-android:2.2.1] AndroidManifest.xml:28:13-46
133            android:value="module" />
133-->[com.mytiki:tiki-sdk-android:2.2.1] AndroidManifest.xml:29:13-35
134        <!--
135           Don't delete the meta-data below.
136           It is used by the Flutter tool to generate GeneratedPluginRegistrant.java
137        -->
138        <meta-data
138-->[com.mytiki:tiki-sdk-android:2.2.1] AndroidManifest.xml:34:9-36:33
139            android:name="flutterEmbedding"
139-->[com.mytiki:tiki-sdk-android:2.2.1] AndroidManifest.xml:35:13-44
140            android:value="2" />
140-->[com.mytiki:tiki-sdk-android:2.2.1] AndroidManifest.xml:36:13-30
141
142        <activity
142-->[com.microblink.blinkreceipt:blinkreceipt-camera-ui:1.1.3] AndroidManifest.xml:10:9-14:52
143            android:name="com.microblink.camera.ui.CameraRecognizerActivity"
143-->[com.microblink.blinkreceipt:blinkreceipt-camera-ui:1.1.3] AndroidManifest.xml:11:13-77
144            android:configChanges="keyboard|keyboardHidden|screenLayout|screenSize|orientation"
144-->[com.microblink.blinkreceipt:blinkreceipt-camera-ui:1.1.3] AndroidManifest.xml:12:13-96
145            android:exported="false"
145-->[com.microblink.blinkreceipt:blinkreceipt-camera-ui:1.1.3] AndroidManifest.xml:13:13-37
146            android:screenOrientation="portrait" />
146-->[com.microblink.blinkreceipt:blinkreceipt-camera-ui:1.1.3] AndroidManifest.xml:14:13-49
147        <activity
147-->[com.microblink.blinkreceipt:blinkreceipt-camera-ui:1.1.3] AndroidManifest.xml:15:9-20:72
148            android:name="com.microblink.camera.ui.CameraScanActivity"
148-->[com.microblink.blinkreceipt:blinkreceipt-camera-ui:1.1.3] AndroidManifest.xml:16:13-71
149            android:configChanges="keyboard|keyboardHidden|screenLayout|screenSize|orientation"
149-->[com.microblink.blinkreceipt:blinkreceipt-camera-ui:1.1.3] AndroidManifest.xml:17:13-96
150            android:exported="false"
150-->[com.microblink.blinkreceipt:blinkreceipt-camera-ui:1.1.3] AndroidManifest.xml:18:13-37
151            android:screenOrientation="portrait"
151-->[com.microblink.blinkreceipt:blinkreceipt-camera-ui:1.1.3] AndroidManifest.xml:19:13-49
152            android:theme="@style/Theme.AppCompat.Light.NoActionBar" />
152-->[com.microblink.blinkreceipt:blinkreceipt-camera-ui:1.1.3] AndroidManifest.xml:20:13-69
153        <!--
154        The initialization ContentProvider will call BlinkReceiptSdk.initialize automatically
155        with the application context. This config is merged in with the host app's manifest,
156        but there can only be one provider with the same authority activated at any given
157        point; so if the end user has two or more different apps that use Receipt SDK, only the
158        first one will be able to use the provider. To work around this problem, we use the
159        following placeholder in the authority to identify each host application as if it was
160        a completely different provider.
161        -->
162        <provider
162-->[com.microblink.blinkreceipt:blinkreceipt-recognizer:1.6.8] AndroidManifest.xml:41:9-45:43
163            android:name="com.microblink.BlinkRecognizerProvider"
163-->[com.microblink.blinkreceipt:blinkreceipt-recognizer:1.6.8] AndroidManifest.xml:42:13-66
164            android:authorities="com.mytiki.sdk.capture.receipt.capacitor.BlinkRecognizerProvider"
164-->[com.microblink.blinkreceipt:blinkreceipt-recognizer:1.6.8] AndroidManifest.xml:43:13-75
165            android:exported="false"
165-->[com.microblink.blinkreceipt:blinkreceipt-recognizer:1.6.8] AndroidManifest.xml:44:13-37
166            android:initOrder="-999999" /> <!-- MSAL activity that will be used to process all the auth related logic -->
166-->[com.microblink.blinkreceipt:blinkreceipt-recognizer:1.6.8] AndroidManifest.xml:45:13-40
167        <activity
167-->[com.microsoft.identity.client:msal:4.2.0] AndroidManifest.xml:16:9-20:47
168            android:name="com.microsoft.identity.common.internal.providers.oauth2.AuthorizationActivity"
168-->[com.microsoft.identity.client:msal:4.2.0] AndroidManifest.xml:17:13-105
169            android:configChanges="orientation|keyboardHidden|screenSize|smallestScreenSize|screenLayout|keyboard"
169-->[com.microsoft.identity.client:msal:4.2.0] AndroidManifest.xml:18:13-115
170            android:exported="false"
170-->[com.microsoft.identity.client:msal:4.2.0] AndroidManifest.xml:19:13-37
171            android:launchMode="singleTask" />
171-->[com.microsoft.identity.client:msal:4.2.0] AndroidManifest.xml:20:13-44
172        <activity
172-->[com.microsoft.identity.client:msal:4.2.0] AndroidManifest.xml:21:9-25:45
173            android:name="com.microsoft.identity.common.internal.providers.oauth2.CurrentTaskAuthorizationActivity"
173-->[com.microsoft.identity.client:msal:4.2.0] AndroidManifest.xml:22:13-116
174            android:configChanges="orientation|keyboardHidden|screenSize|smallestScreenSize|screenLayout|keyboard"
174-->[com.microsoft.identity.client:msal:4.2.0] AndroidManifest.xml:23:13-115
175            android:exported="false"
175-->[com.microsoft.identity.client:msal:4.2.0] AndroidManifest.xml:24:13-37
176            android:launchMode="standard" /> <!-- Helper activity for displaying current broker redirect URI configuration -->
176-->[com.microsoft.identity.client:msal:4.2.0] AndroidManifest.xml:25:13-42
177        <activity
177-->[com.microsoft.identity.client:msal:4.2.0] AndroidManifest.xml:28:9-31:45
178            android:name="com.microsoft.identity.client.helper.BrokerHelperActivity"
178-->[com.microsoft.identity.client:msal:4.2.0] AndroidManifest.xml:29:13-85
179            android:exported="false"
179-->[com.microsoft.identity.client:msal:4.2.0] AndroidManifest.xml:30:13-37
180            android:launchMode="standard" /> <!-- MSAL will use system webview (custom tab) to render the sign-in page, BrowserTabActivity is to get response back from System Webview. Multiple apps on the device could integrate MSAL, OS will check which BrowserTabActivity can handle the intent based on the intent filter declared, so this activity has to be exported. -->
180-->[com.microsoft.identity.client:msal:4.2.0] AndroidManifest.xml:31:13-42
181        <activity
181-->[com.microsoft.identity.client:msal:4.2.0] AndroidManifest.xml:34:9-37:39
182            android:name="com.microsoft.identity.client.BrowserTabActivity"
182-->[com.microsoft.identity.client:msal:4.2.0] AndroidManifest.xml:35:13-76
183            android:configChanges="orientation|keyboardHidden|screenSize|smallestScreenSize|screenLayout"
183-->[com.microsoft.identity.client:msal:4.2.0] AndroidManifest.xml:36:13-106
184            android:exported="true" />
184-->[com.microsoft.identity.client:msal:4.2.0] AndroidManifest.xml:37:13-36
185        <activity
185-->[com.microsoft.identity.client:msal:4.2.0] AndroidManifest.xml:38:9-40:39
186            android:name="com.microsoft.identity.client.CurrentTaskBrowserTabActivity"
186-->[com.microsoft.identity.client:msal:4.2.0] AndroidManifest.xml:39:13-87
187            android:exported="true" /> <!-- Activity to invoke an interactive request to the intent passed by ad-accounts(Broker) -->
187-->[com.microsoft.identity.client:msal:4.2.0] AndroidManifest.xml:40:13-36
188        <activity
188-->[com.microsoft.identity:common:10.0.0] AndroidManifest.xml:53:9-55:99
189            android:name="com.microsoft.identity.common.internal.broker.BrokerActivity"
189-->[com.microsoft.identity:common:10.0.0] AndroidManifest.xml:54:13-88
190            android:configChanges="orientation|keyboardHidden|screenSize|screenLayout|keyboard" /> <!-- Activity to launch a install WPJ certificate activity and get the result -->
190-->[com.microsoft.identity:common:10.0.0] AndroidManifest.xml:55:13-96
191        <activity
191-->[com.microsoft.identity:common:10.0.0] AndroidManifest.xml:57:9-60:60
192            android:name="com.microsoft.identity.common.internal.broker.InstallCertActivityLauncher"
192-->[com.microsoft.identity:common:10.0.0] AndroidManifest.xml:58:13-101
193            android:configChanges="orientation|keyboardHidden|screenSize|screenLayout|keyboard"
193-->[com.microsoft.identity:common:10.0.0] AndroidManifest.xml:59:13-96
194            android:theme="@style/Theme.AppCompat.Light" />
194-->[com.microsoft.identity:common:10.0.0] AndroidManifest.xml:60:13-57
195        <activity
195-->[com.google.android.gms:play-services-auth:20.7.0] AndroidManifest.xml:23:9-27:75
196            android:name="com.google.android.gms.auth.api.signin.internal.SignInHubActivity"
196-->[com.google.android.gms:play-services-auth:20.7.0] AndroidManifest.xml:24:13-93
197            android:excludeFromRecents="true"
197-->[com.google.android.gms:play-services-auth:20.7.0] AndroidManifest.xml:25:13-46
198            android:exported="false"
198-->[com.google.android.gms:play-services-auth:20.7.0] AndroidManifest.xml:26:13-37
199            android:theme="@android:style/Theme.Translucent.NoTitleBar" />
199-->[com.google.android.gms:play-services-auth:20.7.0] AndroidManifest.xml:27:13-72
200        <!--
201            Service handling Google Sign-In user revocation. For apps that do not integrate with
202            Google Sign-In, this service will never be started.
203        -->
204        <service
204-->[com.google.android.gms:play-services-auth:20.7.0] AndroidManifest.xml:33:9-37:51
205            android:name="com.google.android.gms.auth.api.signin.RevocationBoundService"
205-->[com.google.android.gms:play-services-auth:20.7.0] AndroidManifest.xml:34:13-89
206            android:exported="true"
206-->[com.google.android.gms:play-services-auth:20.7.0] AndroidManifest.xml:35:13-36
207            android:permission="com.google.android.gms.auth.api.signin.permission.REVOCATION_NOTIFICATION"
207-->[com.google.android.gms:play-services-auth:20.7.0] AndroidManifest.xml:36:13-107
208            android:visibleToInstantApps="true" />
208-->[com.google.android.gms:play-services-auth:20.7.0] AndroidManifest.xml:37:13-48
209
210        <provider
210-->[androidx.work:work-runtime:2.8.1] AndroidManifest.xml:29:9-37:20
211            android:name="androidx.startup.InitializationProvider"
211-->[androidx.work:work-runtime:2.8.1] AndroidManifest.xml:30:13-67
212            android:authorities="com.mytiki.sdk.capture.receipt.capacitor.androidx-startup"
212-->[androidx.work:work-runtime:2.8.1] AndroidManifest.xml:31:13-68
213            android:exported="false" >
213-->[androidx.work:work-runtime:2.8.1] AndroidManifest.xml:32:13-37
214            <meta-data
214-->[androidx.work:work-runtime:2.8.1] AndroidManifest.xml:34:13-36:52
215                android:name="androidx.work.WorkManagerInitializer"
215-->[androidx.work:work-runtime:2.8.1] AndroidManifest.xml:35:17-68
216                android:value="androidx.startup" />
216-->[androidx.work:work-runtime:2.8.1] AndroidManifest.xml:36:17-49
217            <meta-data
217-->[androidx.emoji2:emoji2:1.2.0] AndroidManifest.xml:29:13-31:52
218                android:name="androidx.emoji2.text.EmojiCompatInitializer"
218-->[androidx.emoji2:emoji2:1.2.0] AndroidManifest.xml:30:17-75
219                android:value="androidx.startup" />
219-->[androidx.emoji2:emoji2:1.2.0] AndroidManifest.xml:31:17-49
220            <meta-data
220-->[androidx.lifecycle:lifecycle-process:2.6.2] AndroidManifest.xml:29:13-31:52
221                android:name="androidx.lifecycle.ProcessLifecycleInitializer"
221-->[androidx.lifecycle:lifecycle-process:2.6.2] AndroidManifest.xml:30:17-78
222                android:value="androidx.startup" />
222-->[androidx.lifecycle:lifecycle-process:2.6.2] AndroidManifest.xml:31:17-49
223            <meta-data
223-->[androidx.profileinstaller:profileinstaller:1.3.0] AndroidManifest.xml:29:13-31:52
224                android:name="androidx.profileinstaller.ProfileInstallerInitializer"
224-->[androidx.profileinstaller:profileinstaller:1.3.0] AndroidManifest.xml:30:17-85
225                android:value="androidx.startup" />
225-->[androidx.profileinstaller:profileinstaller:1.3.0] AndroidManifest.xml:31:17-49
226        </provider>
227
228        <service
228-->[androidx.work:work-runtime:2.8.1] AndroidManifest.xml:39:9-45:35
229            android:name="androidx.work.impl.background.systemalarm.SystemAlarmService"
229-->[androidx.work:work-runtime:2.8.1] AndroidManifest.xml:40:13-88
230            android:directBootAware="false"
230-->[androidx.work:work-runtime:2.8.1] AndroidManifest.xml:41:13-44
231            android:enabled="@bool/enable_system_alarm_service_default"
231-->[androidx.work:work-runtime:2.8.1] AndroidManifest.xml:42:13-72
232            android:exported="false" />
232-->[androidx.work:work-runtime:2.8.1] AndroidManifest.xml:43:13-37
233        <service
233-->[androidx.work:work-runtime:2.8.1] AndroidManifest.xml:46:9-52:35
234            android:name="androidx.work.impl.background.systemjob.SystemJobService"
234-->[androidx.work:work-runtime:2.8.1] AndroidManifest.xml:47:13-84
235            android:directBootAware="false"
235-->[androidx.work:work-runtime:2.8.1] AndroidManifest.xml:48:13-44
236            android:enabled="@bool/enable_system_job_service_default"
236-->[androidx.work:work-runtime:2.8.1] AndroidManifest.xml:49:13-70
237            android:exported="true"
237-->[androidx.work:work-runtime:2.8.1] AndroidManifest.xml:50:13-36
238            android:permission="android.permission.BIND_JOB_SERVICE" />
238-->[androidx.work:work-runtime:2.8.1] AndroidManifest.xml:51:13-69
239        <service
239-->[androidx.work:work-runtime:2.8.1] AndroidManifest.xml:53:9-59:35
240            android:name="androidx.work.impl.foreground.SystemForegroundService"
240-->[androidx.work:work-runtime:2.8.1] AndroidManifest.xml:54:13-81
241            android:directBootAware="false"
241-->[androidx.work:work-runtime:2.8.1] AndroidManifest.xml:55:13-44
242            android:enabled="@bool/enable_system_foreground_service_default"
242-->[androidx.work:work-runtime:2.8.1] AndroidManifest.xml:56:13-77
243            android:exported="false" />
243-->[androidx.work:work-runtime:2.8.1] AndroidManifest.xml:57:13-37
244
245        <receiver
245-->[androidx.work:work-runtime:2.8.1] AndroidManifest.xml:61:9-66:35
246            android:name="androidx.work.impl.utils.ForceStopRunnable$BroadcastReceiver"
246-->[androidx.work:work-runtime:2.8.1] AndroidManifest.xml:62:13-88
247            android:directBootAware="false"
247-->[androidx.work:work-runtime:2.8.1] AndroidManifest.xml:63:13-44
248            android:enabled="true"
248-->[androidx.work:work-runtime:2.8.1] AndroidManifest.xml:64:13-35
249            android:exported="false" />
249-->[androidx.work:work-runtime:2.8.1] AndroidManifest.xml:65:13-37
250        <receiver
250-->[androidx.work:work-runtime:2.8.1] AndroidManifest.xml:67:9-77:20
251            android:name="androidx.work.impl.background.systemalarm.ConstraintProxy$BatteryChargingProxy"
251-->[androidx.work:work-runtime:2.8.1] AndroidManifest.xml:68:13-106
252            android:directBootAware="false"
252-->[androidx.work:work-runtime:2.8.1] AndroidManifest.xml:69:13-44
253            android:enabled="false"
253-->[androidx.work:work-runtime:2.8.1] AndroidManifest.xml:70:13-36
254            android:exported="false" >
254-->[androidx.work:work-runtime:2.8.1] AndroidManifest.xml:71:13-37
255            <intent-filter>
255-->[androidx.work:work-runtime:2.8.1] AndroidManifest.xml:73:13-76:29
256                <action android:name="android.intent.action.ACTION_POWER_CONNECTED" />
256-->[androidx.work:work-runtime:2.8.1] AndroidManifest.xml:74:17-87
256-->[androidx.work:work-runtime:2.8.1] AndroidManifest.xml:74:25-84
257                <action android:name="android.intent.action.ACTION_POWER_DISCONNECTED" />
257-->[androidx.work:work-runtime:2.8.1] AndroidManifest.xml:75:17-90
257-->[androidx.work:work-runtime:2.8.1] AndroidManifest.xml:75:25-87
258            </intent-filter>
259        </receiver>
260        <receiver
260-->[androidx.work:work-runtime:2.8.1] AndroidManifest.xml:78:9-88:20
261            android:name="androidx.work.impl.background.systemalarm.ConstraintProxy$BatteryNotLowProxy"
261-->[androidx.work:work-runtime:2.8.1] AndroidManifest.xml:79:13-104
262            android:directBootAware="false"
262-->[androidx.work:work-runtime:2.8.1] AndroidManifest.xml:80:13-44
263            android:enabled="false"
263-->[androidx.work:work-runtime:2.8.1] AndroidManifest.xml:81:13-36
264            android:exported="false" >
264-->[androidx.work:work-runtime:2.8.1] AndroidManifest.xml:82:13-37
265            <intent-filter>
265-->[androidx.work:work-runtime:2.8.1] AndroidManifest.xml:84:13-87:29
266                <action android:name="android.intent.action.BATTERY_OKAY" />
266-->[androidx.work:work-runtime:2.8.1] AndroidManifest.xml:85:17-77
266-->[androidx.work:work-runtime:2.8.1] AndroidManifest.xml:85:25-74
267                <action android:name="android.intent.action.BATTERY_LOW" />
267-->[androidx.work:work-runtime:2.8.1] AndroidManifest.xml:86:17-76
267-->[androidx.work:work-runtime:2.8.1] AndroidManifest.xml:86:25-73
268            </intent-filter>
269        </receiver>
270        <receiver
270-->[androidx.work:work-runtime:2.8.1] AndroidManifest.xml:89:9-99:20